[15/01/2013 17:46:43] foo.html Hoa\Router\Http::addRule(): (-1) Missing argument 2 for Hoa\Router\Http::addRule()in /usr/local/lib/Hoa/Hoa/Router/Http.php at line 266.
[15/01/2013 17:46:51] foo.html Hoa\Router\Http::addRule(): (-1) Missing argument 2 for Hoa\Router\Http::addRule()in /usr/local/lib/Hoa/Hoa/Router/Http.php at line 266.
[16/01/2013 15:14:38] favicon.ico Hoa\Router\Http::route(): (5) Cannot found an appropriated rule to route favicon.ico.in /usr/local/lib/Hoa/Hoa/Router/Http.php at line 495.
[16/01/2013 15:14:38] favicon.ico Hoa\Router\Http::route(): (5) Cannot found an appropriated rule to route favicon.ico.in /usr/local/lib/Hoa/Hoa/Router/Http.php at line 495.
[16/01/2013 15:14:38] favicon.ico Hoa\Router\Http::route(): (5) Cannot found an appropriated rule to route favicon.ico.in /usr/local/lib/Hoa/Hoa/Router/Http.php at line 495.
[16/01/2013 16:06:02]  file_get_contents(): (-1) file_get_contents(hoa://Data/Etc/Contextproduction/context.json): failed to open stream: "\Hoa\Core\Protocol\Wrapper::stream_open" call failedin /var/www/hoathis.net/Data/Library/Hoathis/Context/Context.php at line 19.
[16/01/2013 16:06:03]  file_get_contents(): (-1) file_get_contents(hoa://Data/Etc/Contextproduction/context.json): failed to open stream: "\Hoa\Core\Protocol\Wrapper::stream_open" call failedin /var/www/hoathis.net/Data/Library/Hoathis/Context/Context.php at line 19.
[16/01/2013 16:06:03]  file_get_contents(): (-1) file_get_contents(hoa://Data/Etc/Contextproduction/context.json): failed to open stream: "\Hoa\Core\Protocol\Wrapper::stream_open" call failedin /var/www/hoathis.net/Data/Library/Hoathis/Context/Context.php at line 19.
[16/01/2013 16:06:03]  file_get_contents(): (-1) file_get_contents(hoa://Data/Etc/Contextproduction/context.json): failed to open stream: "\Hoa\Core\Protocol\Wrapper::stream_open" call failedin /var/www/hoathis.net/Data/Library/Hoathis/Context/Context.php at line 19.
[16/01/2013 16:06:03]  file_get_contents(): (-1) file_get_contents(hoa://Data/Etc/Contextproduction/context.json): failed to open stream: "\Hoa\Core\Protocol\Wrapper::stream_open" call failedin /var/www/hoathis.net/Data/Library/Hoathis/Context/Context.php at line 19.
[16/01/2013 16:06:03]  file_get_contents(): (-1) file_get_contents(hoa://Data/Etc/Contextproduction/context.json): failed to open stream: "\Hoa\Core\Protocol\Wrapper::stream_open" call failedin /var/www/hoathis.net/Data/Library/Hoathis/Context/Context.php at line 19.
[16/01/2013 16:06:03]  file_get_contents(): (-1) file_get_contents(hoa://Data/Etc/Contextproduction/context.json): failed to open stream: "\Hoa\Core\Protocol\Wrapper::stream_open" call failedin /var/www/hoathis.net/Data/Library/Hoathis/Context/Context.php at line 19.
[16/01/2013 16:06:04]  file_get_contents(): (-1) file_get_contents(hoa://Data/Etc/Contextproduction/context.json): failed to open stream: "\Hoa\Core\Protocol\Wrapper::stream_open" call failedin /var/www/hoathis.net/Data/Library/Hoathis/Context/Context.php at line 19.
[16/01/2013 16:06:04]  file_get_contents(): (-1) file_get_contents(hoa://Data/Etc/Contextproduction/context.json): failed to open stream: "\Hoa\Core\Protocol\Wrapper::stream_open" call failedin /var/www/hoathis.net/Data/Library/Hoathis/Context/Context.php at line 19.
[16/01/2013 16:06:04]  file_get_contents(): (-1) file_get_contents(hoa://Data/Etc/Contextproduction/context.json): failed to open stream: "\Hoa\Core\Protocol\Wrapper::stream_open" call failedin /var/www/hoathis.net/Data/Library/Hoathis/Context/Context.php at line 19.
[16/01/2013 16:06:04]  file_get_contents(): (-1) file_get_contents(hoa://Data/Etc/Contextproduction/context.json): failed to open stream: "\Hoa\Core\Protocol\Wrapper::stream_open" call failedin /var/www/hoathis.net/Data/Library/Hoathis/Context/Context.php at line 19.
[16/01/2013 16:06:04]  file_get_contents(): (-1) file_get_contents(hoa://Data/Etc/Contextproduction/context.json): failed to open stream: "\Hoa\Core\Protocol\Wrapper::stream_open" call failedin /var/www/hoathis.net/Data/Library/Hoathis/Context/Context.php at line 19.
[16/01/2013 16:06:04]  file_get_contents(): (-1) file_get_contents(hoa://Data/Etc/Contextproduction/context.json): failed to open stream: "\Hoa\Core\Protocol\Wrapper::stream_open" call failedin /var/www/hoathis.net/Data/Library/Hoathis/Context/Context.php at line 19.
[16/01/2013 16:06:05]  file_get_contents(): (-1) file_get_contents(hoa://Data/Etc/Contextproduction/context.json): failed to open stream: "\Hoa\Core\Protocol\Wrapper::stream_open" call failedin /var/www/hoathis.net/Data/Library/Hoathis/Context/Context.php at line 19.
[16/01/2013 16:06:05]  file_get_contents(): (-1) file_get_contents(hoa://Data/Etc/Contextproduction/context.json): failed to open stream: "\Hoa\Core\Protocol\Wrapper::stream_open" call failedin /var/www/hoathis.net/Data/Library/Hoathis/Context/Context.php at line 19.
[16/01/2013 16:06:05]  file_get_contents(): (-1) file_get_contents(hoa://Data/Etc/Contextproduction/context.json): failed to open stream: "\Hoa\Core\Protocol\Wrapper::stream_open" call failedin /var/www/hoathis.net/Data/Library/Hoathis/Context/Context.php at line 19.
[16/01/2013 16:06:05]  file_get_contents(): (-1) file_get_contents(hoa://Data/Etc/Contextproduction/context.json): failed to open stream: "\Hoa\Core\Protocol\Wrapper::stream_open" call failedin /var/www/hoathis.net/Data/Library/Hoathis/Context/Context.php at line 19.
[16/01/2013 16:06:05]  file_get_contents(): (-1) file_get_contents(hoa://Data/Etc/Contextproduction/context.json): failed to open stream: "\Hoa\Core\Protocol\Wrapper::stream_open" call failedin /var/www/hoathis.net/Data/Library/Hoathis/Context/Context.php at line 19.
[16/01/2013 16:06:05]  file_get_contents(): (-1) file_get_contents(hoa://Data/Etc/Contextproduction/context.json): failed to open stream: "\Hoa\Core\Protocol\Wrapper::stream_open" call failedin /var/www/hoathis.net/Data/Library/Hoathis/Context/Context.php at line 19.
[16/01/2013 16:06:06]  file_get_contents(): (-1) file_get_contents(hoa://Data/Etc/Contextproduction/context.json): failed to open stream: "\Hoa\Core\Protocol\Wrapper::stream_open" call failedin /var/www/hoathis.net/Data/Library/Hoathis/Context/Context.php at line 19.
[16/01/2013 16:06:06]  file_get_contents(): (-1) file_get_contents(hoa://Data/Etc/Contextproduction/context.json): failed to open stream: "\Hoa\Core\Protocol\Wrapper::stream_open" call failedin /var/www/hoathis.net/Data/Library/Hoathis/Context/Context.php at line 19.
[16/01/2013 16:06:35]  file_get_contents(): (-1) file_get_contents(hoa://Data/Etc/Contextproduction/context.json): failed to open stream: "\Hoa\Core\Protocol\Wrapper::stream_open" call failedin /var/www/hoathis.net/Data/Library/Hoathis/Context/Context.php at line 20.
[16/01/2013 16:06:35]  file_get_contents(): (-1) file_get_contents(hoa://Data/Etc/Contextproduction/context.json): failed to open stream: "\Hoa\Core\Protocol\Wrapper::stream_open" call failedin /var/www/hoathis.net/Data/Library/Hoathis/Context/Context.php at line 20.
[16/01/2013 16:06:35]  file_get_contents(): (-1) file_get_contents(hoa://Data/Etc/Contextproduction/context.json): failed to open stream: "\Hoa\Core\Protocol\Wrapper::stream_open" call failedin /var/www/hoathis.net/Data/Library/Hoathis/Context/Context.php at line 20.
[16/01/2013 16:06:36]  file_get_contents(): (-1) file_get_contents(hoa://Data/Etc/Contextproduction/context.json): failed to open stream: "\Hoa\Core\Protocol\Wrapper::stream_open" call failedin /var/www/hoathis.net/Data/Library/Hoathis/Context/Context.php at line 20.
[16/01/2013 16:06:36]  file_get_contents(): (-1) file_get_contents(hoa://Data/Etc/Contextproduction/context.json): failed to open stream: "\Hoa\Core\Protocol\Wrapper::stream_open" call failedin /var/www/hoathis.net/Data/Library/Hoathis/Context/Context.php at line 20.
[16/01/2013 16:06:36]  file_get_contents(): (-1) file_get_contents(hoa://Data/Etc/Contextproduction/context.json): failed to open stream: "\Hoa\Core\Protocol\Wrapper::stream_open" call failedin /var/www/hoathis.net/Data/Library/Hoathis/Context/Context.php at line 20.
[16/01/2013 16:06:36]  file_get_contents(): (-1) file_get_contents(hoa://Data/Etc/Contextproduction/context.json): failed to open stream: "\Hoa\Core\Protocol\Wrapper::stream_open" call failedin /var/www/hoathis.net/Data/Library/Hoathis/Context/Context.php at line 20.
[16/01/2013 16:06:36]  file_get_contents(): (-1) file_get_contents(hoa://Data/Etc/Contextproduction/context.json): failed to open stream: "\Hoa\Core\Protocol\Wrapper::stream_open" call failedin /var/www/hoathis.net/Data/Library/Hoathis/Context/Context.php at line 20.
[16/01/2013 16:06:36]  file_get_contents(): (-1) file_get_contents(hoa://Data/Etc/Contextproduction/context.json): failed to open stream: "\Hoa\Core\Protocol\Wrapper::stream_open" call failedin /var/www/hoathis.net/Data/Library/Hoathis/Context/Context.php at line 20.
[16/01/2013 16:06:37]  file_get_contents(): (-1) file_get_contents(hoa://Data/Etc/Contextproduction/context.json): failed to open stream: "\Hoa\Core\Protocol\Wrapper::stream_open" call failedin /var/www/hoathis.net/Data/Library/Hoathis/Context/Context.php at line 20.
[16/01/2013 16:06:37]  file_get_contents(): (-1) file_get_contents(hoa://Data/Etc/Contextproduction/context.json): failed to open stream: "\Hoa\Core\Protocol\Wrapper::stream_open" call failedin /var/www/hoathis.net/Data/Library/Hoathis/Context/Context.php at line 20.
[16/01/2013 16:06:37]  file_get_contents(): (-1) file_get_contents(hoa://Data/Etc/Contextproduction/context.json): failed to open stream: "\Hoa\Core\Protocol\Wrapper::stream_open" call failedin /var/www/hoathis.net/Data/Library/Hoathis/Context/Context.php at line 20.
[16/01/2013 16:06:37]  file_get_contents(): (-1) file_get_contents(hoa://Data/Etc/Contextproduction/context.json): failed to open stream: "\Hoa\Core\Protocol\Wrapper::stream_open" call failedin /var/www/hoathis.net/Data/Library/Hoathis/Context/Context.php at line 20.
[16/01/2013 16:06:37]  file_get_contents(): (-1) file_get_contents(hoa://Data/Etc/Contextproduction/context.json): failed to open stream: "\Hoa\Core\Protocol\Wrapper::stream_open" call failedin /var/www/hoathis.net/Data/Library/Hoathis/Context/Context.php at line 20.
[16/01/2013 16:06:37]  file_get_contents(): (-1) file_get_contents(hoa://Data/Etc/Contextproduction/context.json): failed to open stream: "\Hoa\Core\Protocol\Wrapper::stream_open" call failedin /var/www/hoathis.net/Data/Library/Hoathis/Context/Context.php at line 20.
[16/01/2013 16:06:38]  file_get_contents(): (-1) file_get_contents(hoa://Data/Etc/Contextproduction/context.json): failed to open stream: "\Hoa\Core\Protocol\Wrapper::stream_open" call failedin /var/www/hoathis.net/Data/Library/Hoathis/Context/Context.php at line 20.
[16/01/2013 16:06:38]  file_get_contents(): (-1) file_get_contents(hoa://Data/Etc/Contextproduction/context.json): failed to open stream: "\Hoa\Core\Protocol\Wrapper::stream_open" call failedin /var/www/hoathis.net/Data/Library/Hoathis/Context/Context.php at line 20.
[16/01/2013 16:06:38]  file_get_contents(): (-1) file_get_contents(hoa://Data/Etc/Contextproduction/context.json): failed to open stream: "\Hoa\Core\Protocol\Wrapper::stream_open" call failedin /var/www/hoathis.net/Data/Library/Hoathis/Context/Context.php at line 20.
[16/01/2013 16:06:38]  file_get_contents(): (-1) file_get_contents(hoa://Data/Etc/Contextproduction/context.json): failed to open stream: "\Hoa\Core\Protocol\Wrapper::stream_open" call failedin /var/www/hoathis.net/Data/Library/Hoathis/Context/Context.php at line 20.
[16/01/2013 16:06:38]  file_get_contents(): (-1) file_get_contents(hoa://Data/Etc/Contextproduction/context.json): failed to open stream: "\Hoa\Core\Protocol\Wrapper::stream_open" call failedin /var/www/hoathis.net/Data/Library/Hoathis/Context/Context.php at line 20.
[16/01/2013 16:06:38]  file_get_contents(): (-1) file_get_contents(hoa://Data/Etc/Contextproduction/context.json): failed to open stream: "\Hoa\Core\Protocol\Wrapper::stream_open" call failedin /var/www/hoathis.net/Data/Library/Hoathis/Context/Context.php at line 20.
[16/01/2013 16:14:16] search.html Hoa\Database\AbstractLayer\Pdo\Pdo::__construct(): (1045) SQLSTATE[28000] [1045] Access denied for user 'camael'@'localhost' (using password: YES)in /usr/local/lib/Hoa/Hoa/Database/AbstractLayer/Pdo/Pdo.php at line 107.
[17/01/2013 10:40:44] favicon.ico Hoa\Router\Http::route(): (5) Cannot found an appropriated rule to route favicon.ico.in /usr/local/lib/Hoa/Hoa/Router/Http.php at line 495.
[17/01/2013 10:40:44] favicon.ico Hoa\Router\Http::route(): (5) Cannot found an appropriated rule to route favicon.ico.in /usr/local/lib/Hoa/Hoa/Router/Http.php at line 495.
[17/01/2013 10:40:44] favicon.ico Hoa\Router\Http::route(): (5) Cannot found an appropriated rule to route favicon.ico.in /usr/local/lib/Hoa/Hoa/Router/Http.php at line 495.
[18/01/2013 11:33:57] favicon.ico Hoa\Router\Http::route(): (5) Cannot found an appropriated rule to route favicon.ico.in /usr/local/lib/Hoa/Hoa/Router/Http.php at line 495.
[18/01/2013 11:33:58] favicon.ico Hoa\Router\Http::route(): (5) Cannot found an appropriated rule to route favicon.ico.in /usr/local/lib/Hoa/Hoa/Router/Http.php at line 495.
[18/01/2013 11:33:58] favicon.ico Hoa\Router\Http::route(): (5) Cannot found an appropriated rule to route favicon.ico.in /usr/local/lib/Hoa/Hoa/Router/Http.php at line 495.
[18/01/2013 13:44:57]  file_get_contents(): (-1) file_get_contents(hoa://Data/Etc/Context/production/context.json): failed to open stream: "\Hoa\Core\Protocol\Wrapper::stream_open" call failedin /var/www/hoathis.net/Data/Library/Hoathis/Context/Context.php at line 17.
[18/01/2013 13:44:57]  file_get_contents(): (-1) file_get_contents(hoa://Data/Etc/Context/production/context.json): failed to open stream: "\Hoa\Core\Protocol\Wrapper::stream_open" call failedin /var/www/hoathis.net/Data/Library/Hoathis/Context/Context.php at line 17.
[18/01/2013 13:44:58]  file_get_contents(): (-1) file_get_contents(hoa://Data/Etc/Context/production/context.json): failed to open stream: "\Hoa\Core\Protocol\Wrapper::stream_open" call failedin /var/www/hoathis.net/Data/Library/Hoathis/Context/Context.php at line 17.
[18/01/2013 13:44:58]  file_get_contents(): (-1) file_get_contents(hoa://Data/Etc/Context/production/context.json): failed to open stream: "\Hoa\Core\Protocol\Wrapper::stream_open" call failedin /var/www/hoathis.net/Data/Library/Hoathis/Context/Context.php at line 17.
[18/01/2013 13:44:58]  file_get_contents(): (-1) file_get_contents(hoa://Data/Etc/Context/production/context.json): failed to open stream: "\Hoa\Core\Protocol\Wrapper::stream_open" call failedin /var/www/hoathis.net/Data/Library/Hoathis/Context/Context.php at line 17.
[18/01/2013 13:44:58]  file_get_contents(): (-1) file_get_contents(hoa://Data/Etc/Context/production/context.json): failed to open stream: "\Hoa\Core\Protocol\Wrapper::stream_open" call failedin /var/www/hoathis.net/Data/Library/Hoathis/Context/Context.php at line 17.
[18/01/2013 13:44:58]  file_get_contents(): (-1) file_get_contents(hoa://Data/Etc/Context/production/context.json): failed to open stream: "\Hoa\Core\Protocol\Wrapper::stream_open" call failedin /var/www/hoathis.net/Data/Library/Hoathis/Context/Context.php at line 17.
[18/01/2013 13:44:59]  file_get_contents(): (-1) file_get_contents(hoa://Data/Etc/Context/production/context.json): failed to open stream: "\Hoa\Core\Protocol\Wrapper::stream_open" call failedin /var/www/hoathis.net/Data/Library/Hoathis/Context/Context.php at line 17.
[18/01/2013 13:44:59]  file_get_contents(): (-1) file_get_contents(hoa://Data/Etc/Context/production/context.json): failed to open stream: "\Hoa\Core\Protocol\Wrapper::stream_open" call failedin /var/www/hoathis.net/Data/Library/Hoathis/Context/Context.php at line 17.
[18/01/2013 13:44:59]  file_get_contents(): (-1) file_get_contents(hoa://Data/Etc/Context/production/context.json): failed to open stream: "\Hoa\Core\Protocol\Wrapper::stream_open" call failedin /var/www/hoathis.net/Data/Library/Hoathis/Context/Context.php at line 17.
[18/01/2013 13:44:59]  file_get_contents(): (-1) file_get_contents(hoa://Data/Etc/Context/production/context.json): failed to open stream: "\Hoa\Core\Protocol\Wrapper::stream_open" call failedin /var/www/hoathis.net/Data/Library/Hoathis/Context/Context.php at line 17.
[18/01/2013 13:44:59]  file_get_contents(): (-1) file_get_contents(hoa://Data/Etc/Context/production/context.json): failed to open stream: "\Hoa\Core\Protocol\Wrapper::stream_open" call failedin /var/www/hoathis.net/Data/Library/Hoathis/Context/Context.php at line 17.
[18/01/2013 13:44:59]  file_get_contents(): (-1) file_get_contents(hoa://Data/Etc/Context/production/context.json): failed to open stream: "\Hoa\Core\Protocol\Wrapper::stream_open" call failedin /var/www/hoathis.net/Data/Library/Hoathis/Context/Context.php at line 17.
[18/01/2013 13:45:00]  file_get_contents(): (-1) file_get_contents(hoa://Data/Etc/Context/production/context.json): failed to open stream: "\Hoa\Core\Protocol\Wrapper::stream_open" call failedin /var/www/hoathis.net/Data/Library/Hoathis/Context/Context.php at line 17.
[18/01/2013 13:45:00]  file_get_contents(): (-1) file_get_contents(hoa://Data/Etc/Context/production/context.json): failed to open stream: "\Hoa\Core\Protocol\Wrapper::stream_open" call failedin /var/www/hoathis.net/Data/Library/Hoathis/Context/Context.php at line 17.
[18/01/2013 13:45:00]  file_get_contents(): (-1) file_get_contents(hoa://Data/Etc/Context/production/context.json): failed to open stream: "\Hoa\Core\Protocol\Wrapper::stream_open" call failedin /var/www/hoathis.net/Data/Library/Hoathis/Context/Context.php at line 17.
[18/01/2013 13:45:00]  file_get_contents(): (-1) file_get_contents(hoa://Data/Etc/Context/production/context.json): failed to open stream: "\Hoa\Core\Protocol\Wrapper::stream_open" call failedin /var/www/hoathis.net/Data/Library/Hoathis/Context/Context.php at line 17.
[18/01/2013 13:45:00]  file_get_contents(): (-1) file_get_contents(hoa://Data/Etc/Context/production/context.json): failed to open stream: "\Hoa\Core\Protocol\Wrapper::stream_open" call failedin /var/www/hoathis.net/Data/Library/Hoathis/Context/Context.php at line 17.
[18/01/2013 13:45:00]  file_get_contents(): (-1) file_get_contents(hoa://Data/Etc/Context/production/context.json): failed to open stream: "\Hoa\Core\Protocol\Wrapper::stream_open" call failedin /var/www/hoathis.net/Data/Library/Hoathis/Context/Context.php at line 17.
[18/01/2013 13:45:01]  file_get_contents(): (-1) file_get_contents(hoa://Data/Etc/Context/production/context.json): failed to open stream: "\Hoa\Core\Protocol\Wrapper::stream_open" call failedin /var/www/hoathis.net/Data/Library/Hoathis/Context/Context.php at line 17.
[18/01/2013 13:45:01]  file_get_contents(): (-1) file_get_contents(hoa://Data/Etc/Context/production/context.json): failed to open stream: "\Hoa\Core\Protocol\Wrapper::stream_open" call failedin /var/www/hoathis.net/Data/Library/Hoathis/Context/Context.php at line 17.
[18/01/2013 14:40:13]  {main}: (-1) Undefined property: Hoathis\Context\Context::$mysql_userin /var/www/hoathis.net/Application/Public/index.php at line 43.
[18/01/2013 14:40:13]  {main}: (-1) Undefined property: Hoathis\Context\Context::$mysql_userin /var/www/hoathis.net/Application/Public/index.php at line 43.
[18/01/2013 14:40:14]  {main}: (-1) Undefined property: Hoathis\Context\Context::$mysql_userin /var/www/hoathis.net/Application/Public/index.php at line 43.
[18/01/2013 14:40:14]  {main}: (-1) Undefined property: Hoathis\Context\Context::$mysql_userin /var/www/hoathis.net/Application/Public/index.php at line 43.
[18/01/2013 14:40:14]  {main}: (-1) Undefined property: Hoathis\Context\Context::$mysql_userin /var/www/hoathis.net/Application/Public/index.php at line 43.
[18/01/2013 14:40:14]  {main}: (-1) Undefined property: Hoathis\Context\Context::$mysql_userin /var/www/hoathis.net/Application/Public/index.php at line 43.
[18/01/2013 14:40:14]  {main}: (-1) Undefined property: Hoathis\Context\Context::$mysql_userin /var/www/hoathis.net/Application/Public/index.php at line 43.
[18/01/2013 14:40:14]  {main}: (-1) Undefined property: Hoathis\Context\Context::$mysql_userin /var/www/hoathis.net/Application/Public/index.php at line 43.
[18/01/2013 14:40:15]  {main}: (-1) Undefined property: Hoathis\Context\Context::$mysql_userin /var/www/hoathis.net/Application/Public/index.php at line 43.
[18/01/2013 14:40:15]  {main}: (-1) Undefined property: Hoathis\Context\Context::$mysql_userin /var/www/hoathis.net/Application/Public/index.php at line 43.
[18/01/2013 14:40:15]  {main}: (-1) Undefined property: Hoathis\Context\Context::$mysql_userin /var/www/hoathis.net/Application/Public/index.php at line 43.
[18/01/2013 14:40:15]  {main}: (-1) Undefined property: Hoathis\Context\Context::$mysql_userin /var/www/hoathis.net/Application/Public/index.php at line 43.
[18/01/2013 14:40:15]  {main}: (-1) Undefined property: Hoathis\Context\Context::$mysql_userin /var/www/hoathis.net/Application/Public/index.php at line 43.
[18/01/2013 14:40:16]  {main}: (-1) Undefined property: Hoathis\Context\Context::$mysql_userin /var/www/hoathis.net/Application/Public/index.php at line 43.
[18/01/2013 14:40:16]  {main}: (-1) Undefined property: Hoathis\Context\Context::$mysql_userin /var/www/hoathis.net/Application/Public/index.php at line 43.
[18/01/2013 14:40:16]  {main}: (-1) Undefined property: Hoathis\Context\Context::$mysql_userin /var/www/hoathis.net/Application/Public/index.php at line 43.
[18/01/2013 14:40:16]  {main}: (-1) Undefined property: Hoathis\Context\Context::$mysql_userin /var/www/hoathis.net/Application/Public/index.php at line 43.
[18/01/2013 14:40:16]  {main}: (-1) Undefined property: Hoathis\Context\Context::$mysql_userin /var/www/hoathis.net/Application/Public/index.php at line 43.
[18/01/2013 14:40:16]  {main}: (-1) Undefined property: Hoathis\Context\Context::$mysql_userin /var/www/hoathis.net/Application/Public/index.php at line 43.
[18/01/2013 14:40:17]  {main}: (-1) Undefined property: Hoathis\Context\Context::$mysql_userin /var/www/hoathis.net/Application/Public/index.php at line 43.
[18/01/2013 14:40:17]  {main}: (-1) Undefined property: Hoathis\Context\Context::$mysql_userin /var/www/hoathis.net/Application/Public/index.php at line 43.
[25/01/2013 12:58:16]  Hoa\Xml\Element\Concrete::__construct(): (0) Cannot build the concrete tree because the abstract element <navbar-admin> has no ranked concrete element.in /usr/local/lib/Hoa/Hoa/Xml/Element/Concrete.php at line 174.
[25/01/2013 12:58:16]  Hoa\Xml\Element\Concrete::__construct(): (0) Cannot build the concrete tree because the abstract element <navbar-admin> has no ranked concrete element.in /usr/local/lib/Hoa/Hoa/Xml/Element/Concrete.php at line 174.
[25/01/2013 12:58:19]  Hoa\Xml\Element\Concrete::__construct(): (0) Cannot build the concrete tree because the abstract element <navbar-admin> has no ranked concrete element.in /usr/local/lib/Hoa/Hoa/Xml/Element/Concrete.php at line 174.
[25/01/2013 12:58:20]  Hoa\Xml\Element\Concrete::__construct(): (0) Cannot build the concrete tree because the abstract element <navbar-admin> has no ranked concrete element.in /usr/local/lib/Hoa/Hoa/Xml/Element/Concrete.php at line 174.
[25/01/2013 12:58:21]  Hoa\Xml\Element\Concrete::__construct(): (0) Cannot build the concrete tree because the abstract element <navbar-admin> has no ranked concrete element.in /usr/local/lib/Hoa/Hoa/Xml/Element/Concrete.php at line 174.
[25/01/2013 12:58:21]  Hoa\Xml\Element\Concrete::__construct(): (0) Cannot build the concrete tree because the abstract element <navbar-admin> has no ranked concrete element.in /usr/local/lib/Hoa/Hoa/Xml/Element/Concrete.php at line 174.
[25/01/2013 12:58:41] logout.html Hoa\Router\Http::addRule(): (-1) Missing argument 2 for Hoa\Router\Http::addRule()in /usr/local/lib/Hoa/Hoa/Router/Http.php at line 266.
[25/01/2013 12:58:41]  Hoa\Xml\Element\Concrete::__construct(): (0) Cannot build the concrete tree because the abstract element <navbar-admin> has no ranked concrete element.in /usr/local/lib/Hoa/Hoa/Xml/Element/Concrete.php at line 174.
[25/01/2013 12:58:54]  Hoa\Xml\Element\Concrete::__construct(): (0) Cannot build the concrete tree because the abstract element <navbar-admin> has no ranked concrete element.in /usr/local/lib/Hoa/Hoa/Xml/Element/Concrete.php at line 174.
[25/01/2013 12:58:54]  Hoa\Xml\Element\Concrete::__construct(): (0) Cannot build the concrete tree because the abstract element <navbar-admin> has no ranked concrete element.in /usr/local/lib/Hoa/Hoa/Xml/Element/Concrete.php at line 174.
[25/01/2013 12:58:57]  Hoa\Xml\Element\Concrete::__construct(): (0) Cannot build the concrete tree because the abstract element <navbar-admin> has no ranked concrete element.in /usr/local/lib/Hoa/Hoa/Xml/Element/Concrete.php at line 174.
[25/01/2013 12:58:57]  Hoa\Xml\Element\Concrete::__construct(): (0) Cannot build the concrete tree because the abstract element <navbar-admin> has no ranked concrete element.in /usr/local/lib/Hoa/Hoa/Xml/Element/Concrete.php at line 174.
[25/01/2013 12:59:52]  Hoa\Xml\Element\Concrete::__construct(): (0) Cannot build the concrete tree because the abstract element <navbar-admin> has no ranked concrete element.in /usr/local/lib/Hoa/Hoa/Xml/Element/Concrete.php at line 174.
[25/01/2013 12:59:52]  Hoa\Xml\Element\Concrete::__construct(): (0) Cannot build the concrete tree because the abstract element <navbar-admin> has no ranked concrete element.in /usr/local/lib/Hoa/Hoa/Xml/Element/Concrete.php at line 174.
[25/01/2013 13:00:22]  Hoa\Xml\Element\Concrete::__construct(): (0) Cannot build the concrete tree because the abstract element <navbar-admin> has no ranked concrete element.in /usr/local/lib/Hoa/Hoa/Xml/Element/Concrete.php at line 174.
[25/01/2013 13:00:22]  Hoa\Xml\Element\Concrete::__construct(): (0) Cannot build the concrete tree because the abstract element <navbar-admin> has no ranked concrete element.in /usr/local/lib/Hoa/Hoa/Xml/Element/Concrete.php at line 174.
[25/01/2013 13:00:32]  Hoa\Xml\Element\Concrete::__construct(): (0) Cannot build the concrete tree because the abstract element <navbar-admin> has no ranked concrete element.in /usr/local/lib/Hoa/Hoa/Xml/Element/Concrete.php at line 174.
[25/01/2013 13:00:32]  Hoa\Xml\Element\Concrete::__construct(): (0) Cannot build the concrete tree because the abstract element <navbar-admin> has no ranked concrete element.in /usr/local/lib/Hoa/Hoa/Xml/Element/Concrete.php at line 174.
[25/01/2013 13:03:57]  Hoa\Xml\Element\Concrete::__construct(): (0) Cannot build the concrete tree because the abstract element <navbar-admin> has no ranked concrete element.in /usr/local/lib/Hoa/Hoa/Xml/Element/Concrete.php at line 174.
[25/01/2013 13:03:58]  Hoa\Xml\Element\Concrete::__construct(): (0) Cannot build the concrete tree because the abstract element <navbar-admin> has no ranked concrete element.in /usr/local/lib/Hoa/Hoa/Xml/Element/Concrete.php at line 174.
[25/01/2013 13:04:07]  Hoa\Xml\Element\Concrete::__construct(): (0) Cannot build the concrete tree because the abstract element <navbar-admin> has no ranked concrete element.in /usr/local/lib/Hoa/Hoa/Xml/Element/Concrete.php at line 174.
[25/01/2013 13:04:07]  Hoa\Xml\Element\Concrete::__construct(): (0) Cannot build the concrete tree because the abstract element <navbar-admin> has no ranked concrete element.in /usr/local/lib/Hoa/Hoa/Xml/Element/Concrete.php at line 174.
[25/01/2013 13:04:08]  Hoa\Xml\Element\Concrete::__construct(): (0) Cannot build the concrete tree because the abstract element <navbar-admin> has no ranked concrete element.in /usr/local/lib/Hoa/Hoa/Xml/Element/Concrete.php at line 174.
[25/01/2013 13:04:09]  Hoa\Xml\Element\Concrete::__construct(): (0) Cannot build the concrete tree because the abstract element <navbar-admin> has no ranked concrete element.in /usr/local/lib/Hoa/Hoa/Xml/Element/Concrete.php at line 174.
[25/01/2013 13:04:32]  Hoa\Xml\Element\Concrete::__construct(): (0) Cannot build the concrete tree because the abstract element <navbar-admin> has no ranked concrete element.in /usr/local/lib/Hoa/Hoa/Xml/Element/Concrete.php at line 174.
[25/01/2013 13:04:32]  Hoa\Xml\Element\Concrete::__construct(): (0) Cannot build the concrete tree because the abstract element <navbar-admin> has no ranked concrete element.in /usr/local/lib/Hoa/Hoa/Xml/Element/Concrete.php at line 174.
[25/01/2013 13:04:34]  Hoa\Xml\Element\Concrete::__construct(): (0) Cannot build the concrete tree because the abstract element <navbar-admin> has no ranked concrete element.in /usr/local/lib/Hoa/Hoa/Xml/Element/Concrete.php at line 174.
[25/01/2013 13:04:34]  Hoa\Xml\Element\Concrete::__construct(): (0) Cannot build the concrete tree because the abstract element <navbar-admin> has no ranked concrete element.in /usr/local/lib/Hoa/Hoa/Xml/Element/Concrete.php at line 174.
[25/01/2013 13:04:35]  Hoa\Xml\Element\Concrete::__construct(): (0) Cannot build the concrete tree because the abstract element <navbar-admin> has no ranked concrete element.in /usr/local/lib/Hoa/Hoa/Xml/Element/Concrete.php at line 174.
[25/01/2013 13:04:35]  Hoa\Xml\Element\Concrete::__construct(): (0) Cannot build the concrete tree because the abstract element <navbar-admin> has no ranked concrete element.in /usr/local/lib/Hoa/Hoa/Xml/Element/Concrete.php at line 174.
[25/01/2013 13:05:15]  Hoa\Xml\Element\Concrete::__construct(): (0) Cannot build the concrete tree because the abstract element <navbar-admin> has no ranked concrete element.in /usr/local/lib/Hoa/Hoa/Xml/Element/Concrete.php at line 174.
[25/01/2013 13:05:16]  Hoa\Xml\Element\Concrete::__construct(): (0) Cannot build the concrete tree because the abstract element <navbar-admin> has no ranked concrete element.in /usr/local/lib/Hoa/Hoa/Xml/Element/Concrete.php at line 174.
[25/01/2013 13:05:16]  Hoa\Xml\Element\Concrete::__construct(): (0) Cannot build the concrete tree because the abstract element <navbar-admin> has no ranked concrete element.in /usr/local/lib/Hoa/Hoa/Xml/Element/Concrete.php at line 174.
[25/01/2013 13:05:16]  Hoa\Xml\Element\Concrete::__construct(): (0) Cannot build the concrete tree because the abstract element <navbar-admin> has no ranked concrete element.in /usr/local/lib/Hoa/Hoa/Xml/Element/Concrete.php at line 174.
[25/01/2013 13:05:17]  Hoa\Xml\Element\Concrete::__construct(): (0) Cannot build the concrete tree because the abstract element <navbar-admin> has no ranked concrete element.in /usr/local/lib/Hoa/Hoa/Xml/Element/Concrete.php at line 174.
[25/01/2013 13:05:17]  Hoa\Xml\Element\Concrete::__construct(): (0) Cannot build the concrete tree because the abstract element <navbar-admin> has no ranked concrete element.in /usr/local/lib/Hoa/Hoa/Xml/Element/Concrete.php at line 174.
[25/01/2013 13:05:17]  Hoa\Xml\Element\Concrete::__construct(): (0) Cannot build the concrete tree because the abstract element <navbar-admin> has no ranked concrete element.in /usr/local/lib/Hoa/Hoa/Xml/Element/Concrete.php at line 174.
[25/01/2013 13:05:18]  Hoa\Xml\Element\Concrete::__construct(): (0) Cannot build the concrete tree because the abstract element <navbar-admin> has no ranked concrete element.in /usr/local/lib/Hoa/Hoa/Xml/Element/Concrete.php at line 174.
[25/01/2013 13:05:18]  Hoa\Xml\Element\Concrete::__construct(): (0) Cannot build the concrete tree because the abstract element <navbar-admin> has no ranked concrete element.in /usr/local/lib/Hoa/Hoa/Xml/Element/Concrete.php at line 174.
[25/01/2013 13:05:18]  Hoa\Xml\Element\Concrete::__construct(): (0) Cannot build the concrete tree because the abstract element <navbar-admin> has no ranked concrete element.in /usr/local/lib/Hoa/Hoa/Xml/Element/Concrete.php at line 174.
[25/01/2013 13:05:19]  Hoa\Xml\Element\Concrete::__construct(): (0) Cannot build the concrete tree because the abstract element <navbar-admin> has no ranked concrete element.in /usr/local/lib/Hoa/Hoa/Xml/Element/Concrete.php at line 174.
[25/01/2013 13:05:19]  Hoa\Xml\Element\Concrete::__construct(): (0) Cannot build the concrete tree because the abstract element <navbar-admin> has no ranked concrete element.in /usr/local/lib/Hoa/Hoa/Xml/Element/Concrete.php at line 174.
[25/01/2013 13:05:19]  Hoa\Xml\Element\Concrete::__construct(): (0) Cannot build the concrete tree because the abstract element <navbar-admin> has no ranked concrete element.in /usr/local/lib/Hoa/Hoa/Xml/Element/Concrete.php at line 174.
[25/01/2013 13:05:20]  Hoa\Xml\Element\Concrete::__construct(): (0) Cannot build the concrete tree because the abstract element <navbar-admin> has no ranked concrete element.in /usr/local/lib/Hoa/Hoa/Xml/Element/Concrete.php at line 174.
[25/01/2013 13:05:20]  Hoa\Xml\Element\Concrete::__construct(): (0) Cannot build the concrete tree because the abstract element <navbar-admin> has no ranked concrete element.in /usr/local/lib/Hoa/Hoa/Xml/Element/Concrete.php at line 174.
[25/01/2013 13:05:20]  Hoa\Xml\Element\Concrete::__construct(): (0) Cannot build the concrete tree because the abstract element <navbar-admin> has no ranked concrete element.in /usr/local/lib/Hoa/Hoa/Xml/Element/Concrete.php at line 174.
[25/01/2013 13:05:21]  Hoa\Xml\Element\Concrete::__construct(): (0) Cannot build the concrete tree because the abstract element <navbar-admin> has no ranked concrete element.in /usr/local/lib/Hoa/Hoa/Xml/Element/Concrete.php at line 174.
[25/01/2013 13:05:21]  Hoa\Xml\Element\Concrete::__construct(): (0) Cannot build the concrete tree because the abstract element <navbar-admin> has no ranked concrete element.in /usr/local/lib/Hoa/Hoa/Xml/Element/Concrete.php at line 174.
[25/01/2013 13:05:21]  Hoa\Xml\Element\Concrete::__construct(): (0) Cannot build the concrete tree because the abstract element <navbar-admin> has no ranked concrete element.in /usr/local/lib/Hoa/Hoa/Xml/Element/Concrete.php at line 174.
[25/01/2013 13:05:22]  Hoa\Xml\Element\Concrete::__construct(): (0) Cannot build the concrete tree because the abstract element <navbar-admin> has no ranked concrete element.in /usr/local/lib/Hoa/Hoa/Xml/Element/Concrete.php at line 174.
[25/01/2013 13:05:22]  Hoa\Xml\Element\Concrete::__construct(): (0) Cannot build the concrete tree because the abstract element <navbar-admin> has no ranked concrete element.in /usr/local/lib/Hoa/Hoa/Xml/Element/Concrete.php at line 174.
[25/01/2013 13:05:31]  Hoa\Xml\Element\Concrete::__construct(): (0) Cannot build the concrete tree because the abstract element <navbar-admin> has no ranked concrete element.in /usr/local/lib/Hoa/Hoa/Xml/Element/Concrete.php at line 174.
[25/01/2013 13:06:00]  Hoa\Xml\Element\Concrete::__construct(): (0) Cannot build the concrete tree because the abstract element <navbar-admin> has no ranked concrete element.in /usr/local/lib/Hoa/Hoa/Xml/Element/Concrete.php at line 174.
[25/01/2013 13:06:01]  Hoa\Xml\Element\Concrete::__construct(): (0) Cannot build the concrete tree because the abstract element <navbar-admin> has no ranked concrete element.in /usr/local/lib/Hoa/Hoa/Xml/Element/Concrete.php at line 174.
[25/01/2013 13:17:27]  Hoa\Xml\Element\Concrete::__construct(): (0) Cannot build the concrete tree because the abstract element <navbar-admin> has no ranked concrete element.in /usr/local/lib/Hoa/Hoa/Xml/Element/Concrete.php at line 174.
[25/01/2013 13:17:27]  Hoa\Xml\Element\Concrete::__construct(): (0) Cannot build the concrete tree because the abstract element <navbar-admin> has no ranked concrete element.in /usr/local/lib/Hoa/Hoa/Xml/Element/Concrete.php at line 174.
[25/01/2013 13:17:32]  Hoa\Xml\Element\Concrete::__construct(): (0) Cannot build the concrete tree because the abstract element <navbar-admin> has no ranked concrete element.in /usr/local/lib/Hoa/Hoa/Xml/Element/Concrete.php at line 174.
[25/01/2013 13:17:32]  Hoa\Xml\Element\Concrete::__construct(): (0) Cannot build the concrete tree because the abstract element <navbar-admin> has no ranked concrete element.in /usr/local/lib/Hoa/Hoa/Xml/Element/Concrete.php at line 174.
[25/01/2013 13:17:44]  Hoa\Router\Http::getRule(): (2) Rule home-caller does not exist.in /usr/local/lib/Hoa/Hoa/Router/Http.php at line 377.
[25/01/2013 13:17:44]  Hoa\Router\Http::getRule(): (2) Rule home-caller does not exist.in /usr/local/lib/Hoa/Hoa/Router/Http.php at line 377.
[25/01/2013 13:18:20]  Hoa\Router\Http::getRule(): (2) Rule home-caller does not exist.in /usr/local/lib/Hoa/Hoa/Router/Http.php at line 377.
[25/01/2013 13:18:21]  Hoa\Router\Http::getRule(): (2) Rule home-caller does not exist.in /usr/local/lib/Hoa/Hoa/Router/Http.php at line 377.
[25/01/2013 13:18:27]  Hoa\Router\Http::getRule(): (2) Rule home-caller does not exist.in /usr/local/lib/Hoa/Hoa/Router/Http.php at line 377.
[25/01/2013 13:18:27]  Hoa\Router\Http::getRule(): (2) Rule home-caller does not exist.in /usr/local/lib/Hoa/Hoa/Router/Http.php at line 377.
[25/01/2013 13:18:48]  Hoa\Router\Http::getRule(): (2) Rule home-caller does not exist.in /usr/local/lib/Hoa/Hoa/Router/Http.php at line 377.
[25/01/2013 13:18:48]  Hoa\Router\Http::getRule(): (2) Rule home-caller does not exist.in /usr/local/lib/Hoa/Hoa/Router/Http.php at line 377.
[25/01/2013 13:23:06] connect.html Hoa\Router\Http::route(): (5) Cannot found an appropriated rule to route connect.html.in /usr/local/lib/Hoa/Hoa/Router/Http.php at line 495.
